::1 - - [07/Dec/2018:13:32:39 +0000] "GET /admin/products?page=1 HTTP/1.1" 200 - "http://localhost:3000/?page=1" "Mozilla/5.0 (Windows NT 10.0; Win64; x64; rv:63.0) Gecko/20100101 Firefox/63.0"
::1 - - [07/Dec/2018:13:32:39 +0000] "GET /favicon.ico HTTP/1.1" 404 - "-" "Mozilla/5.0 (Windows NT 10.0; Win64; x64; rv:63.0) Gecko/20100101 Firefox/63.0"
::1 - - [07/Dec/2018:14:46:00 +0000] "GET /admin/products?page=1 HTTP/1.1" 200 - "http://localhost:3000/?page=1" "Mozilla/5.0 (Windows NT 10.0; Win64; x64; rv:63.0) Gecko/20100101 Firefox/63.0"
::1 - - [07/Dec/2018:14:46:00 +0000] "GET /favicon.ico HTTP/1.1" 404 - "-" "Mozilla/5.0 (Windows NT 10.0; Win64; x64; rv:63.0) Gecko/20100101 Firefox/63.0"
::1 - - [07/Dec/2018:14:48:21 +0000] "GET / HTTP/1.1" 200 - "-" "Mozilla/5.0 (Windows NT 10.0; Win64; x64; rv:63.0) Gecko/20100101 Firefox/63.0"
::1 - - [07/Dec/2018:14:48:21 +0000] "GET /favicon.ico HTTP/1.1" 404 - "-" "Mozilla/5.0 (Windows NT 10.0; Win64; x64; rv:63.0) Gecko/20100101 Firefox/63.0"
::1 - - [07/Dec/2018:14:48:25 +0000] "GET /login HTTP/1.1" 200 - "https://localhost:3000/" "Mozilla/5.0 (Windows NT 10.0; Win64; x64; rv:63.0) Gecko/20100101 Firefox/63.0"
::1 - - [07/Dec/2018:14:48:25 +0000] "GET /favicon.ico HTTP/1.1" 404 - "-" "Mozilla/5.0 (Windows NT 10.0; Win64; x64; rv:63.0) Gecko/20100101 Firefox/63.0"
::1 - - [07/Dec/2018:14:48:29 +0000] "POST /login HTTP/1.1" 302 46 "https://localhost:3000/login" "Mozilla/5.0 (Windows NT 10.0; Win64; x64; rv:63.0) Gecko/20100101 Firefox/63.0"
::1 - - [07/Dec/2018:14:48:30 +0000] "GET / HTTP/1.1" 200 - "https://localhost:3000/login" "Mozilla/5.0 (Windows NT 10.0; Win64; x64; rv:63.0) Gecko/20100101 Firefox/63.0"
::1 - - [07/Dec/2018:14:48:30 +0000] "GET /favicon.ico HTTP/1.1" 404 - "-" "Mozilla/5.0 (Windows NT 10.0; Win64; x64; rv:63.0) Gecko/20100101 Firefox/63.0"
::1 - - [07/Dec/2018:15:34:58 +0000] "GET / HTTP/1.1" 200 - "-" "Mozilla/5.0 (Windows NT 10.0; Win64; x64; rv:63.0) Gecko/20100101 Firefox/63.0"
::1 - - [07/Dec/2018:15:34:59 +0000] "GET /favicon.ico HTTP/1.1" 404 - "-" "Mozilla/5.0 (Windows NT 10.0; Win64; x64; rv:63.0) Gecko/20100101 Firefox/63.0"
::1 - - [07/Dec/2018:15:35:01 +0000] "GET /product-list?page=1 HTTP/1.1" 304 - "http://localhost:3000/" "Mozilla/5.0 (Windows NT 10.0; Win64; x64; rv:63.0) Gecko/20100101 Firefox/63.0"
::1 - - [07/Dec/2018:15:35:01 +0000] "GET /favicon.ico HTTP/1.1" 404 - "-" "Mozilla/5.0 (Windows NT 10.0; Win64; x64; rv:63.0) Gecko/20100101 Firefox/63.0"
::1 - - [07/Dec/2018:15:35:02 +0000] "GET /login HTTP/1.1" 200 - "http://localhost:3000/product-list?page=1" "Mozilla/5.0 (Windows NT 10.0; Win64; x64; rv:63.0) Gecko/20100101 Firefox/63.0"
::1 - - [07/Dec/2018:15:35:02 +0000] "GET /favicon.ico HTTP/1.1" 404 - "-" "Mozilla/5.0 (Windows NT 10.0; Win64; x64; rv:63.0) Gecko/20100101 Firefox/63.0"
::1 - - [07/Dec/2018:15:35:07 +0000] "POST /login HTTP/1.1" 302 46 "http://localhost:3000/login" "Mozilla/5.0 (Windows NT 10.0; Win64; x64; rv:63.0) Gecko/20100101 Firefox/63.0"
::1 - - [07/Dec/2018:15:35:07 +0000] "GET / HTTP/1.1" 200 - "http://localhost:3000/login" "Mozilla/5.0 (Windows NT 10.0; Win64; x64; rv:63.0) Gecko/20100101 Firefox/63.0"
::1 - - [07/Dec/2018:15:35:07 +0000] "GET /favicon.ico HTTP/1.1" 404 - "-" "Mozilla/5.0 (Windows NT 10.0; Win64; x64; rv:63.0) Gecko/20100101 Firefox/63.0"
::1 - - [07/Dec/2018:16:03:33 +0000] "GET / HTTP/1.1" 200 - "http://localhost:3000/login" "Mozilla/5.0 (Windows NT 10.0; Win64; x64; rv:63.0) Gecko/20100101 Firefox/63.0"
::1 - - [07/Dec/2018:16:03:34 +0000] "GET /favicon.ico HTTP/1.1" 404 - "-" "Mozilla/5.0 (Windows NT 10.0; Win64; x64; rv:63.0) Gecko/20100101 Firefox/63.0"
::1 - - [07/Dec/2018:16:03:35 +0000] "GET /signup HTTP/1.1" 500 148 "http://localhost:3000/" "Mozilla/5.0 (Windows NT 10.0; Win64; x64; rv:63.0) Gecko/20100101 Firefox/63.0"
::1 - - [07/Dec/2018:16:03:35 +0000] "GET /favicon.ico HTTP/1.1" 404 - "-" "Mozilla/5.0 (Windows NT 10.0; Win64; x64; rv:63.0) Gecko/20100101 Firefox/63.0"
::1 - - [07/Dec/2018:16:06:57 +0000] "GET /favicon.ico HTTP/1.1" 404 - "-" "Mozilla/5.0 (Windows NT 10.0; Win64; x64; rv:63.0) Gecko/20100101 Firefox/63.0"
::1 - - [07/Dec/2018:16:06:58 +0000] "GET /signup HTTP/1.1" 500 - "http://localhost:3000/" "Mozilla/5.0 (Windows NT 10.0; Win64; x64; rv:63.0) Gecko/20100101 Firefox/63.0"
::1 - - [07/Dec/2018:16:06:58 +0000] "GET /favicon.ico HTTP/1.1" 404 - "-" "Mozilla/5.0 (Windows NT 10.0; Win64; x64; rv:63.0) Gecko/20100101 Firefox/63.0"
::1 - - [07/Dec/2018:16:07:01 +0000] "GET /favicon.ico HTTP/1.1" 404 - "-" "Mozilla/5.0 (Windows NT 10.0; Win64; x64; rv:63.0) Gecko/20100101 Firefox/63.0"
::1 - - [07/Dec/2018:16:07:03 +0000] "GET /product-list?page=1 HTTP/1.1" 200 - "http://localhost:3000/" "Mozilla/5.0 (Windows NT 10.0; Win64; x64; rv:63.0) Gecko/20100101 Firefox/63.0"
::1 - - [07/Dec/2018:16:07:03 +0000] "GET /favicon.ico HTTP/1.1" 404 - "-" "Mozilla/5.0 (Windows NT 10.0; Win64; x64; rv:63.0) Gecko/20100101 Firefox/63.0"
::1 - - [07/Dec/2018:16:07:04 +0000] "GET /login HTTP/1.1" 200 - "http://localhost:3000/product-list?page=1" "Mozilla/5.0 (Windows NT 10.0; Win64; x64; rv:63.0) Gecko/20100101 Firefox/63.0"
::1 - - [07/Dec/2018:16:07:04 +0000] "GET /favicon.ico HTTP/1.1" 404 - "-" "Mozilla/5.0 (Windows NT 10.0; Win64; x64; rv:63.0) Gecko/20100101 Firefox/63.0"
::1 - - [07/Dec/2018:16:07:06 +0000] "GET /signup HTTP/1.1" 500 - "http://localhost:3000/login" "Mozilla/5.0 (Windows NT 10.0; Win64; x64; rv:63.0) Gecko/20100101 Firefox/63.0"
::1 - - [07/Dec/2018:16:07:06 +0000] "GET /favicon.ico HTTP/1.1" 404 - "-" "Mozilla/5.0 (Windows NT 10.0; Win64; x64; rv:63.0) Gecko/20100101 Firefox/63.0"
::1 - - [07/Dec/2018:16:08:42 +0000] "GET /signup HTTP/1.1" 500 - "http://localhost:3000/login" "Mozilla/5.0 (Windows NT 10.0; Win64; x64; rv:63.0) Gecko/20100101 Firefox/63.0"
::1 - - [07/Dec/2018:16:08:42 +0000] "GET /favicon.ico HTTP/1.1" 404 - "-" "Mozilla/5.0 (Windows NT 10.0; Win64; x64; rv:63.0) Gecko/20100101 Firefox/63.0"
::1 - - [07/Dec/2018:16:08:44 +0000] "GET /favicon.ico HTTP/1.1" 404 - "-" "Mozilla/5.0 (Windows NT 10.0; Win64; x64; rv:63.0) Gecko/20100101 Firefox/63.0"
::1 - - [07/Dec/2018:16:09:05 +0000] "GET /product-list?page=1 HTTP/1.1" 304 - "http://localhost:3000/login" "Mozilla/5.0 (Windows NT 10.0; Win64; x64; rv:63.0) Gecko/20100101 Firefox/63.0"
::1 - - [07/Dec/2018:16:09:05 +0000] "GET /favicon.ico HTTP/1.1" 404 - "-" "Mozilla/5.0 (Windows NT 10.0; Win64; x64; rv:63.0) Gecko/20100101 Firefox/63.0"
::1 - - [07/Dec/2018:16:09:06 +0000] "GET /login HTTP/1.1" 200 - "http://localhost:3000/product-list?page=1" "Mozilla/5.0 (Windows NT 10.0; Win64; x64; rv:63.0) Gecko/20100101 Firefox/63.0"
::1 - - [07/Dec/2018:16:09:06 +0000] "GET /favicon.ico HTTP/1.1" 404 - "-" "Mozilla/5.0 (Windows NT 10.0; Win64; x64; rv:63.0) Gecko/20100101 Firefox/63.0"
::1 - - [07/Dec/2018:16:09:07 +0000] "GET /signup HTTP/1.1" 500 - "http://localhost:3000/login" "Mozilla/5.0 (Windows NT 10.0; Win64; x64; rv:63.0) Gecko/20100101 Firefox/63.0"
::1 - - [07/Dec/2018:16:09:07 +0000] "GET /favicon.ico HTTP/1.1" 404 - "-" "Mozilla/5.0 (Windows NT 10.0; Win64; x64; rv:63.0) Gecko/20100101 Firefox/63.0"
::1 - - [07/Dec/2018:16:09:24 +0000] "GET /signup HTTP/1.1" 500 - "http://localhost:3000/login" "Mozilla/5.0 (Windows NT 10.0; Win64; x64; rv:63.0) Gecko/20100101 Firefox/63.0"
::1 - - [07/Dec/2018:16:09:24 +0000] "GET /favicon.ico HTTP/1.1" 404 - "-" "Mozilla/5.0 (Windows NT 10.0; Win64; x64; rv:63.0) Gecko/20100101 Firefox/63.0"
::1 - - [07/Dec/2018:16:09:44 +0000] "GET /favicon.ico HTTP/1.1" 404 - "-" "Mozilla/5.0 (Windows NT 10.0; Win64; x64; rv:63.0) Gecko/20100101 Firefox/63.0"
::1 - - [07/Dec/2018:16:09:45 +0000] "GET /signup HTTP/1.1" 500 - "http://localhost:3000/login" "Mozilla/5.0 (Windows NT 10.0; Win64; x64; rv:63.0) Gecko/20100101 Firefox/63.0"
::1 - - [07/Dec/2018:16:09:45 +0000] "GET /favicon.ico HTTP/1.1" 404 - "-" "Mozilla/5.0 (Windows NT 10.0; Win64; x64; rv:63.0) Gecko/20100101 Firefox/63.0"
::1 - - [07/Dec/2018:16:10:57 +0000] "GET /signup HTTP/1.1" 500 - "http://localhost:3000/login" "Mozilla/5.0 (Windows NT 10.0; Win64; x64; rv:63.0) Gecko/20100101 Firefox/63.0"
::ffff:127.0.0.1 - - [07/Dec/2018:16:10:58 +0000] "GET /favicon.ico HTTP/1.1" 404 - "-" "Mozilla/5.0 (Windows NT 10.0; Win64; x64; rv:63.0) Gecko/20100101 Firefox/63.0"
::ffff:127.0.0.1 - - [07/Dec/2018:16:12:09 +0000] "GET /favicon.ico HTTP/1.1" 404 - "-" "Mozilla/5.0 (Windows NT 10.0; Win64; x64; rv:63.0) Gecko/20100101 Firefox/63.0"
::ffff:127.0.0.1 - - [07/Dec/2018:16:12:10 +0000] "GET /login HTTP/1.1" 200 - "http://localhost:3000/login" "Mozilla/5.0 (Windows NT 10.0; Win64; x64; rv:63.0) Gecko/20100101 Firefox/63.0"
::ffff:127.0.0.1 - - [07/Dec/2018:16:12:10 +0000] "GET /favicon.ico HTTP/1.1" 404 - "-" "Mozilla/5.0 (Windows NT 10.0; Win64; x64; rv:63.0) Gecko/20100101 Firefox/63.0"
::ffff:127.0.0.1 - - [07/Dec/2018:16:12:11 +0000] "GET /signup HTTP/1.1" 500 - "http://localhost:3000/login" "Mozilla/5.0 (Windows NT 10.0; Win64; x64; rv:63.0) Gecko/20100101 Firefox/63.0"
::ffff:127.0.0.1 - - [07/Dec/2018:16:12:11 +0000] "GET /favicon.ico HTTP/1.1" 404 - "-" "Mozilla/5.0 (Windows NT 10.0; Win64; x64; rv:63.0) Gecko/20100101 Firefox/63.0"
::1 - - [07/Dec/2018:16:13:17 +0000] "GET /login HTTP/1.1" 200 - "http://localhost:3000/login" "Mozilla/5.0 (Windows NT 10.0; Win64; x64; rv:63.0) Gecko/20100101 Firefox/63.0"
::1 - - [07/Dec/2018:16:13:17 +0000] "GET /favicon.ico HTTP/1.1" 404 - "-" "Mozilla/5.0 (Windows NT 10.0; Win64; x64; rv:63.0) Gecko/20100101 Firefox/63.0"
::1 - - [07/Dec/2018:16:13:19 +0000] "GET /signup HTTP/1.1" 500 - "http://localhost:3000/login" "Mozilla/5.0 (Windows NT 10.0; Win64; x64; rv:63.0) Gecko/20100101 Firefox/63.0"
::1 - - [07/Dec/2018:16:13:19 +0000] "GET /favicon.ico HTTP/1.1" 404 - "-" "Mozilla/5.0 (Windows NT 10.0; Win64; x64; rv:63.0) Gecko/20100101 Firefox/63.0"
::ffff:127.0.0.1 - - [07/Dec/2018:16:13:32 +0000] "GET /favicon.ico HTTP/1.1" 404 - "-" "Mozilla/5.0 (Windows NT 10.0; Win64; x64; rv:63.0) Gecko/20100101 Firefox/63.0"
::1 - - [07/Dec/2018:16:14:45 +0000] "GET /signup HTTP/1.1" 500 - "http://localhost:3000/login" "Mozilla/5.0 (Windows NT 10.0; Win64; x64; rv:63.0) Gecko/20100101 Firefox/63.0"
::1 - - [07/Dec/2018:16:14:45 +0000] "GET /favicon.ico HTTP/1.1" 404 - "-" "Mozilla/5.0 (Windows NT 10.0; Win64; x64; rv:63.0) Gecko/20100101 Firefox/63.0"
::1 - - [07/Dec/2018:16:14:57 +0000] "GET /favicon.ico HTTP/1.1" 404 - "-" "Mozilla/5.0 (Windows NT 10.0; Win64; x64; rv:63.0) Gecko/20100101 Firefox/63.0"
::1 - - [07/Dec/2018:16:14:58 +0000] "GET /signup HTTP/1.1" 200 - "http://localhost:3000/login" "Mozilla/5.0 (Windows NT 10.0; Win64; x64; rv:63.0) Gecko/20100101 Firefox/63.0"
::1 - - [07/Dec/2018:16:14:58 +0000] "GET /favicon.ico HTTP/1.1" 404 - "-" "Mozilla/5.0 (Windows NT 10.0; Win64; x64; rv:63.0) Gecko/20100101 Firefox/63.0"
::1 - - [07/Dec/2018:16:33:56 +0000] "GET /favicon.ico HTTP/1.1" 404 - "-" "Mozilla/5.0 (Windows NT 10.0; Win64; x64; rv:63.0) Gecko/20100101 Firefox/63.0"
::1 - - [07/Dec/2018:16:33:57 +0000] "GET /login HTTP/1.1" 200 - "http://localhost:3000/signup" "Mozilla/5.0 (Windows NT 10.0; Win64; x64; rv:63.0) Gecko/20100101 Firefox/63.0"
::1 - - [07/Dec/2018:16:33:57 +0000] "GET /favicon.ico HTTP/1.1" 404 - "-" "Mozilla/5.0 (Windows NT 10.0; Win64; x64; rv:63.0) Gecko/20100101 Firefox/63.0"
::1 - - [07/Dec/2018:16:34:01 +0000] "POST /login HTTP/1.1" 302 46 "http://localhost:3000/login" "Mozilla/5.0 (Windows NT 10.0; Win64; x64; rv:63.0) Gecko/20100101 Firefox/63.0"
::1 - - [07/Dec/2018:16:34:01 +0000] "GET / HTTP/1.1" 302 60 "http://localhost:3000/login" "Mozilla/5.0 (Windows NT 10.0; Win64; x64; rv:63.0) Gecko/20100101 Firefox/63.0"
::1 - - [07/Dec/2018:16:34:01 +0000] "GET /?page=1 HTTP/1.1" 302 60 "http://localhost:3000/login" "Mozilla/5.0 (Windows NT 10.0; Win64; x64; rv:63.0) Gecko/20100101 Firefox/63.0"
::1 - - [07/Dec/2018:16:34:02 +0000] "GET /?page=1 HTTP/1.1" 302 60 "http://localhost:3000/login" "Mozilla/5.0 (Windows NT 10.0; Win64; x64; rv:63.0) Gecko/20100101 Firefox/63.0"
::1 - - [07/Dec/2018:16:34:02 +0000] "GET /?page=1 HTTP/1.1" 302 60 "http://localhost:3000/login" "Mozilla/5.0 (Windows NT 10.0; Win64; x64; rv:63.0) Gecko/20100101 Firefox/63.0"
::1 - - [07/Dec/2018:16:34:02 +0000] "GET /?page=1 HTTP/1.1" 302 60 "http://localhost:3000/login" "Mozilla/5.0 (Windows NT 10.0; Win64; x64; rv:63.0) Gecko/20100101 Firefox/63.0"
::1 - - [07/Dec/2018:16:34:02 +0000] "GET /?page=1 HTTP/1.1" 302 60 "http://localhost:3000/login" "Mozilla/5.0 (Windows NT 10.0; Win64; x64; rv:63.0) Gecko/20100101 Firefox/63.0"
::1 - - [07/Dec/2018:16:34:02 +0000] "GET /?page=1 HTTP/1.1" 302 60 "http://localhost:3000/login" "Mozilla/5.0 (Windows NT 10.0; Win64; x64; rv:63.0) Gecko/20100101 Firefox/63.0"
::1 - - [07/Dec/2018:16:34:02 +0000] "GET /?page=1 HTTP/1.1" 302 60 "http://localhost:3000/login" "Mozilla/5.0 (Windows NT 10.0; Win64; x64; rv:63.0) Gecko/20100101 Firefox/63.0"
::1 - - [07/Dec/2018:16:34:02 +0000] "GET /?page=1 HTTP/1.1" 302 60 "http://localhost:3000/login" "Mozilla/5.0 (Windows NT 10.0; Win64; x64; rv:63.0) Gecko/20100101 Firefox/63.0"
::1 - - [07/Dec/2018:16:34:02 +0000] "GET /?page=1 HTTP/1.1" 302 60 "http://localhost:3000/login" "Mozilla/5.0 (Windows NT 10.0; Win64; x64; rv:63.0) Gecko/20100101 Firefox/63.0"
::1 - - [07/Dec/2018:16:34:03 +0000] "GET /?page=1 HTTP/1.1" 302 60 "http://localhost:3000/login" "Mozilla/5.0 (Windows NT 10.0; Win64; x64; rv:63.0) Gecko/20100101 Firefox/63.0"
::1 - - [07/Dec/2018:16:34:03 +0000] "GET /?page=1 HTTP/1.1" 302 60 "http://localhost:3000/login" "Mozilla/5.0 (Windows NT 10.0; Win64; x64; rv:63.0) Gecko/20100101 Firefox/63.0"
::1 - - [07/Dec/2018:16:34:03 +0000] "GET /?page=1 HTTP/1.1" 302 60 "http://localhost:3000/login" "Mozilla/5.0 (Windows NT 10.0; Win64; x64; rv:63.0) Gecko/20100101 Firefox/63.0"
::1 - - [07/Dec/2018:16:34:03 +0000] "GET /?page=1 HTTP/1.1" 302 60 "http://localhost:3000/login" "Mozilla/5.0 (Windows NT 10.0; Win64; x64; rv:63.0) Gecko/20100101 Firefox/63.0"
::1 - - [07/Dec/2018:16:34:03 +0000] "GET /?page=1 HTTP/1.1" 302 60 "http://localhost:3000/login" "Mozilla/5.0 (Windows NT 10.0; Win64; x64; rv:63.0) Gecko/20100101 Firefox/63.0"
::1 - - [07/Dec/2018:16:34:03 +0000] "GET /?page=1 HTTP/1.1" 302 60 "http://localhost:3000/login" "Mozilla/5.0 (Windows NT 10.0; Win64; x64; rv:63.0) Gecko/20100101 Firefox/63.0"
::1 - - [07/Dec/2018:16:34:03 +0000] "GET /?page=1 HTTP/1.1" 302 60 "http://localhost:3000/login" "Mozilla/5.0 (Windows NT 10.0; Win64; x64; rv:63.0) Gecko/20100101 Firefox/63.0"
::1 - - [07/Dec/2018:16:34:03 +0000] "GET /?page=1 HTTP/1.1" 302 60 "http://localhost:3000/login" "Mozilla/5.0 (Windows NT 10.0; Win64; x64; rv:63.0) Gecko/20100101 Firefox/63.0"
::1 - - [07/Dec/2018:16:34:04 +0000] "GET /?page=1 HTTP/1.1" 302 60 "http://localhost:3000/login" "Mozilla/5.0 (Windows NT 10.0; Win64; x64; rv:63.0) Gecko/20100101 Firefox/63.0"
::1 - - [07/Dec/2018:16:34:04 +0000] "GET /?page=1 HTTP/1.1" 302 60 "http://localhost:3000/login" "Mozilla/5.0 (Windows NT 10.0; Win64; x64; rv:63.0) Gecko/20100101 Firefox/63.0"
::1 - - [07/Dec/2018:16:34:11 +0000] "GET /?page=1 HTTP/1.1" 302 60 "http://localhost:3000/login" "Mozilla/5.0 (Windows NT 10.0; Win64; x64; rv:63.0) Gecko/20100101 Firefox/63.0"
::1 - - [07/Dec/2018:16:34:11 +0000] "GET /?page=1 HTTP/1.1" 302 60 "http://localhost:3000/login" "Mozilla/5.0 (Windows NT 10.0; Win64; x64; rv:63.0) Gecko/20100101 Firefox/63.0"
::1 - - [07/Dec/2018:16:34:11 +0000] "GET /?page=1 HTTP/1.1" 302 60 "http://localhost:3000/login" "Mozilla/5.0 (Windows NT 10.0; Win64; x64; rv:63.0) Gecko/20100101 Firefox/63.0"
::1 - - [07/Dec/2018:16:34:12 +0000] "GET /?page=1 HTTP/1.1" 302 60 "http://localhost:3000/login" "Mozilla/5.0 (Windows NT 10.0; Win64; x64; rv:63.0) Gecko/20100101 Firefox/63.0"
::1 - - [07/Dec/2018:16:34:12 +0000] "GET /?page=1 HTTP/1.1" 302 60 "http://localhost:3000/login" "Mozilla/5.0 (Windows NT 10.0; Win64; x64; rv:63.0) Gecko/20100101 Firefox/63.0"
::1 - - [07/Dec/2018:16:34:12 +0000] "GET /?page=1 HTTP/1.1" 302 60 "http://localhost:3000/login" "Mozilla/5.0 (Windows NT 10.0; Win64; x64; rv:63.0) Gecko/20100101 Firefox/63.0"
::1 - - [07/Dec/2018:16:34:12 +0000] "GET /?page=1 HTTP/1.1" 302 60 "http://localhost:3000/login" "Mozilla/5.0 (Windows NT 10.0; Win64; x64; rv:63.0) Gecko/20100101 Firefox/63.0"
::1 - - [07/Dec/2018:16:34:12 +0000] "GET /?page=1 HTTP/1.1" 302 60 "http://localhost:3000/login" "Mozilla/5.0 (Windows NT 10.0; Win64; x64; rv:63.0) Gecko/20100101 Firefox/63.0"
::1 - - [07/Dec/2018:16:34:12 +0000] "GET /?page=1 HTTP/1.1" 302 60 "http://localhost:3000/login" "Mozilla/5.0 (Windows NT 10.0; Win64; x64; rv:63.0) Gecko/20100101 Firefox/63.0"
::1 - - [07/Dec/2018:16:34:12 +0000] "GET /?page=1 HTTP/1.1" 302 60 "http://localhost:3000/login" "Mozilla/5.0 (Windows NT 10.0; Win64; x64; rv:63.0) Gecko/20100101 Firefox/63.0"
::1 - - [07/Dec/2018:16:34:12 +0000] "GET /?page=1 HTTP/1.1" 302 60 "http://localhost:3000/login" "Mozilla/5.0 (Windows NT 10.0; Win64; x64; rv:63.0) Gecko/20100101 Firefox/63.0"
::1 - - [07/Dec/2018:16:34:13 +0000] "GET /?page=1 HTTP/1.1" 302 60 "http://localhost:3000/login" "Mozilla/5.0 (Windows NT 10.0; Win64; x64; rv:63.0) Gecko/20100101 Firefox/63.0"
::1 - - [07/Dec/2018:16:34:13 +0000] "GET /?page=1 HTTP/1.1" 302 60 "http://localhost:3000/login" "Mozilla/5.0 (Windows NT 10.0; Win64; x64; rv:63.0) Gecko/20100101 Firefox/63.0"
::1 - - [07/Dec/2018:16:34:13 +0000] "GET /?page=1 HTTP/1.1" 302 60 "http://localhost:3000/login" "Mozilla/5.0 (Windows NT 10.0; Win64; x64; rv:63.0) Gecko/20100101 Firefox/63.0"
::1 - - [07/Dec/2018:16:34:13 +0000] "GET /?page=1 HTTP/1.1" 302 60 "http://localhost:3000/login" "Mozilla/5.0 (Windows NT 10.0; Win64; x64; rv:63.0) Gecko/20100101 Firefox/63.0"
::1 - - [07/Dec/2018:16:34:13 +0000] "GET /?page=1 HTTP/1.1" 302 60 "http://localhost:3000/login" "Mozilla/5.0 (Windows NT 10.0; Win64; x64; rv:63.0) Gecko/20100101 Firefox/63.0"
::1 - - [07/Dec/2018:16:34:13 +0000] "GET /?page=1 HTTP/1.1" 302 60 "http://localhost:3000/login" "Mozilla/5.0 (Windows NT 10.0; Win64; x64; rv:63.0) Gecko/20100101 Firefox/63.0"
::1 - - [07/Dec/2018:16:34:13 +0000] "GET /?page=1 HTTP/1.1" 302 60 "http://localhost:3000/login" "Mozilla/5.0 (Windows NT 10.0; Win64; x64; rv:63.0) Gecko/20100101 Firefox/63.0"
::1 - - [07/Dec/2018:16:34:14 +0000] "GET /?page=1 HTTP/1.1" 302 60 "http://localhost:3000/login" "Mozilla/5.0 (Windows NT 10.0; Win64; x64; rv:63.0) Gecko/20100101 Firefox/63.0"
::1 - - [07/Dec/2018:16:34:14 +0000] "GET /?page=1 HTTP/1.1" 302 60 "http://localhost:3000/login" "Mozilla/5.0 (Windows NT 10.0; Win64; x64; rv:63.0) Gecko/20100101 Firefox/63.0"
::1 - - [07/Dec/2018:16:34:14 +0000] "GET /?page=1 HTTP/1.1" 302 60 "http://localhost:3000/login" "Mozilla/5.0 (Windows NT 10.0; Win64; x64; rv:63.0) Gecko/20100101 Firefox/63.0"
::1 - - [07/Dec/2018:16:35:03 +0000] "GET /?page=1 HTTP/1.1" 302 60 "http://localhost:3000/login" "Mozilla/5.0 (Windows NT 10.0; Win64; x64; rv:63.0) Gecko/20100101 Firefox/63.0"
::1 - - [07/Dec/2018:16:35:03 +0000] "GET /?page=1 HTTP/1.1" 302 60 "http://localhost:3000/login" "Mozilla/5.0 (Windows NT 10.0; Win64; x64; rv:63.0) Gecko/20100101 Firefox/63.0"
::1 - - [07/Dec/2018:16:35:03 +0000] "GET /?page=1 HTTP/1.1" 302 60 "http://localhost:3000/login" "Mozilla/5.0 (Windows NT 10.0; Win64; x64; rv:63.0) Gecko/20100101 Firefox/63.0"
::1 - - [07/Dec/2018:16:35:03 +0000] "GET /?page=1 HTTP/1.1" 302 60 "http://localhost:3000/login" "Mozilla/5.0 (Windows NT 10.0; Win64; x64; rv:63.0) Gecko/20100101 Firefox/63.0"
::1 - - [07/Dec/2018:16:35:03 +0000] "GET /?page=1 HTTP/1.1" 302 60 "http://localhost:3000/login" "Mozilla/5.0 (Windows NT 10.0; Win64; x64; rv:63.0) Gecko/20100101 Firefox/63.0"
::1 - - [07/Dec/2018:16:35:03 +0000] "GET /?page=1 HTTP/1.1" 302 60 "http://localhost:3000/login" "Mozilla/5.0 (Windows NT 10.0; Win64; x64; rv:63.0) Gecko/20100101 Firefox/63.0"
::1 - - [07/Dec/2018:16:35:03 +0000] "GET /?page=1 HTTP/1.1" 302 60 "http://localhost:3000/login" "Mozilla/5.0 (Windows NT 10.0; Win64; x64; rv:63.0) Gecko/20100101 Firefox/63.0"
::1 - - [07/Dec/2018:16:35:04 +0000] "GET /?page=1 HTTP/1.1" 302 60 "http://localhost:3000/login" "Mozilla/5.0 (Windows NT 10.0; Win64; x64; rv:63.0) Gecko/20100101 Firefox/63.0"
::1 - - [07/Dec/2018:16:35:04 +0000] "GET /?page=1 HTTP/1.1" 302 60 "http://localhost:3000/login" "Mozilla/5.0 (Windows NT 10.0; Win64; x64; rv:63.0) Gecko/20100101 Firefox/63.0"
::1 - - [07/Dec/2018:16:35:04 +0000] "GET /?page=1 HTTP/1.1" 302 60 "http://localhost:3000/login" "Mozilla/5.0 (Windows NT 10.0; Win64; x64; rv:63.0) Gecko/20100101 Firefox/63.0"
::1 - - [07/Dec/2018:16:35:04 +0000] "GET /?page=1 HTTP/1.1" 302 60 "http://localhost:3000/login" "Mozilla/5.0 (Windows NT 10.0; Win64; x64; rv:63.0) Gecko/20100101 Firefox/63.0"
::1 - - [07/Dec/2018:16:35:04 +0000] "GET /?page=1 HTTP/1.1" 302 60 "http://localhost:3000/login" "Mozilla/5.0 (Windows NT 10.0; Win64; x64; rv:63.0) Gecko/20100101 Firefox/63.0"
::1 - - [07/Dec/2018:16:35:04 +0000] "GET /?page=1 HTTP/1.1" 302 60 "http://localhost:3000/login" "Mozilla/5.0 (Windows NT 10.0; Win64; x64; rv:63.0) Gecko/20100101 Firefox/63.0"
::1 - - [07/Dec/2018:16:35:04 +0000] "GET /?page=1 HTTP/1.1" 302 60 "http://localhost:3000/login" "Mozilla/5.0 (Windows NT 10.0; Win64; x64; rv:63.0) Gecko/20100101 Firefox/63.0"
::1 - - [07/Dec/2018:16:35:05 +0000] "GET /?page=1 HTTP/1.1" 302 60 "http://localhost:3000/login" "Mozilla/5.0 (Windows NT 10.0; Win64; x64; rv:63.0) Gecko/20100101 Firefox/63.0"
::1 - - [07/Dec/2018:16:35:05 +0000] "GET /?page=1 HTTP/1.1" 302 60 "http://localhost:3000/login" "Mozilla/5.0 (Windows NT 10.0; Win64; x64; rv:63.0) Gecko/20100101 Firefox/63.0"
::1 - - [07/Dec/2018:16:35:05 +0000] "GET /?page=1 HTTP/1.1" 302 60 "http://localhost:3000/login" "Mozilla/5.0 (Windows NT 10.0; Win64; x64; rv:63.0) Gecko/20100101 Firefox/63.0"
::1 - - [07/Dec/2018:16:35:05 +0000] "GET /?page=1 HTTP/1.1" 302 60 "http://localhost:3000/login" "Mozilla/5.0 (Windows NT 10.0; Win64; x64; rv:63.0) Gecko/20100101 Firefox/63.0"
::1 - - [07/Dec/2018:16:35:05 +0000] "GET /?page=1 HTTP/1.1" 302 60 "http://localhost:3000/login" "Mozilla/5.0 (Windows NT 10.0; Win64; x64; rv:63.0) Gecko/20100101 Firefox/63.0"
::1 - - [07/Dec/2018:16:35:05 +0000] "GET /?page=1 HTTP/1.1" 302 60 "http://localhost:3000/login" "Mozilla/5.0 (Windows NT 10.0; Win64; x64; rv:63.0) Gecko/20100101 Firefox/63.0"
::1 - - [07/Dec/2018:16:35:05 +0000] "GET /?page=1 HTTP/1.1" 302 60 "http://localhost:3000/login" "Mozilla/5.0 (Windows NT 10.0; Win64; x64; rv:63.0) Gecko/20100101 Firefox/63.0"
::1 - - [07/Dec/2018:16:35:09 +0000] "GET /favicon.ico HTTP/1.1" 404 - "-" "Mozilla/5.0 (Windows NT 10.0; Win64; x64; rv:63.0) Gecko/20100101 Firefox/63.0"
::1 - - [07/Dec/2018:16:35:16 +0000] "POST /login HTTP/1.1" 302 46 "http://localhost:3000/login" "Mozilla/5.0 (Windows NT 10.0; Win64; x64; rv:63.0) Gecko/20100101 Firefox/63.0"
::1 - - [07/Dec/2018:16:35:16 +0000] "GET / HTTP/1.1" 302 60 "http://localhost:3000/login" "Mozilla/5.0 (Windows NT 10.0; Win64; x64; rv:63.0) Gecko/20100101 Firefox/63.0"
::1 - - [07/Dec/2018:16:35:16 +0000] "GET /?page=1 HTTP/1.1" 302 60 "http://localhost:3000/login" "Mozilla/5.0 (Windows NT 10.0; Win64; x64; rv:63.0) Gecko/20100101 Firefox/63.0"
::1 - - [07/Dec/2018:16:35:16 +0000] "GET /?page=1 HTTP/1.1" 302 60 "http://localhost:3000/login" "Mozilla/5.0 (Windows NT 10.0; Win64; x64; rv:63.0) Gecko/20100101 Firefox/63.0"
::1 - - [07/Dec/2018:16:35:16 +0000] "GET /?page=1 HTTP/1.1" 302 60 "http://localhost:3000/login" "Mozilla/5.0 (Windows NT 10.0; Win64; x64; rv:63.0) Gecko/20100101 Firefox/63.0"
::1 - - [07/Dec/2018:16:35:16 +0000] "GET /?page=1 HTTP/1.1" 302 60 "http://localhost:3000/login" "Mozilla/5.0 (Windows NT 10.0; Win64; x64; rv:63.0) Gecko/20100101 Firefox/63.0"
::1 - - [07/Dec/2018:16:35:17 +0000] "GET /?page=1 HTTP/1.1" 302 60 "http://localhost:3000/login" "Mozilla/5.0 (Windows NT 10.0; Win64; x64; rv:63.0) Gecko/20100101 Firefox/63.0"
::1 - - [07/Dec/2018:16:35:17 +0000] "GET /?page=1 HTTP/1.1" 302 60 "http://localhost:3000/login" "Mozilla/5.0 (Windows NT 10.0; Win64; x64; rv:63.0) Gecko/20100101 Firefox/63.0"
::1 - - [07/Dec/2018:16:35:17 +0000] "GET /?page=1 HTTP/1.1" 302 60 "http://localhost:3000/login" "Mozilla/5.0 (Windows NT 10.0; Win64; x64; rv:63.0) Gecko/20100101 Firefox/63.0"
::1 - - [07/Dec/2018:16:35:17 +0000] "GET /?page=1 HTTP/1.1" 302 60 "http://localhost:3000/login" "Mozilla/5.0 (Windows NT 10.0; Win64; x64; rv:63.0) Gecko/20100101 Firefox/63.0"
::1 - - [07/Dec/2018:16:35:17 +0000] "GET /?page=1 HTTP/1.1" 302 60 "http://localhost:3000/login" "Mozilla/5.0 (Windows NT 10.0; Win64; x64; rv:63.0) Gecko/20100101 Firefox/63.0"
::1 - - [07/Dec/2018:16:35:17 +0000] "GET /?page=1 HTTP/1.1" 302 60 "http://localhost:3000/login" "Mozilla/5.0 (Windows NT 10.0; Win64; x64; rv:63.0) Gecko/20100101 Firefox/63.0"
::1 - - [07/Dec/2018:16:35:17 +0000] "GET /?page=1 HTTP/1.1" 302 60 "http://localhost:3000/login" "Mozilla/5.0 (Windows NT 10.0; Win64; x64; rv:63.0) Gecko/20100101 Firefox/63.0"
::1 - - [07/Dec/2018:16:35:18 +0000] "GET /?page=1 HTTP/1.1" 302 60 "http://localhost:3000/login" "Mozilla/5.0 (Windows NT 10.0; Win64; x64; rv:63.0) Gecko/20100101 Firefox/63.0"
::1 - - [07/Dec/2018:16:35:18 +0000] "GET /?page=1 HTTP/1.1" 302 60 "http://localhost:3000/login" "Mozilla/5.0 (Windows NT 10.0; Win64; x64; rv:63.0) Gecko/20100101 Firefox/63.0"
::1 - - [07/Dec/2018:16:35:18 +0000] "GET /?page=1 HTTP/1.1" 302 60 "http://localhost:3000/login" "Mozilla/5.0 (Windows NT 10.0; Win64; x64; rv:63.0) Gecko/20100101 Firefox/63.0"
::1 - - [07/Dec/2018:16:35:18 +0000] "GET /?page=1 HTTP/1.1" 302 60 "http://localhost:3000/login" "Mozilla/5.0 (Windows NT 10.0; Win64; x64; rv:63.0) Gecko/20100101 Firefox/63.0"
::1 - - [07/Dec/2018:16:35:18 +0000] "GET /?page=1 HTTP/1.1" 302 60 "http://localhost:3000/login" "Mozilla/5.0 (Windows NT 10.0; Win64; x64; rv:63.0) Gecko/20100101 Firefox/63.0"
::1 - - [07/Dec/2018:16:35:18 +0000] "GET /?page=1 HTTP/1.1" 302 60 "http://localhost:3000/login" "Mozilla/5.0 (Windows NT 10.0; Win64; x64; rv:63.0) Gecko/20100101 Firefox/63.0"
::1 - - [07/Dec/2018:16:35:18 +0000] "GET /?page=1 HTTP/1.1" 302 60 "http://localhost:3000/login" "Mozilla/5.0 (Windows NT 10.0; Win64; x64; rv:63.0) Gecko/20100101 Firefox/63.0"
::1 - - [07/Dec/2018:16:35:18 +0000] "GET /?page=1 HTTP/1.1" 302 60 "http://localhost:3000/login" "Mozilla/5.0 (Windows NT 10.0; Win64; x64; rv:63.0) Gecko/20100101 Firefox/63.0"
::1 - - [07/Dec/2018:16:35:41 +0000] "GET /favicon.ico HTTP/1.1" 404 - "-" "Mozilla/5.0 (Windows NT 10.0; Win64; x64; rv:63.0) Gecko/20100101 Firefox/63.0"
::1 - - [07/Dec/2018:16:35:43 +0000] "GET /?page=1 HTTP/1.1" 200 - "http://localhost:3000/login" "Mozilla/5.0 (Windows NT 10.0; Win64; x64; rv:63.0) Gecko/20100101 Firefox/63.0"
::1 - - [07/Dec/2018:16:35:43 +0000] "GET /public/img/2018_12_07T16_25_46_484_book_pick_1.png HTTP/1.1" 404 - "http://localhost:3000/?page=1" "Mozilla/5.0 (Windows NT 10.0; Win64; x64; rv:63.0) Gecko/20100101 Firefox/63.0"
::1 - - [07/Dec/2018:16:35:43 +0000] "GET /favicon.ico HTTP/1.1" 404 - "-" "Mozilla/5.0 (Windows NT 10.0; Win64; x64; rv:63.0) Gecko/20100101 Firefox/63.0"
::1 - - [07/Dec/2018:16:35:46 +0000] "GET /admin/products?page=1 HTTP/1.1" 200 - "http://localhost:3000/?page=1" "Mozilla/5.0 (Windows NT 10.0; Win64; x64; rv:63.0) Gecko/20100101 Firefox/63.0"
::1 - - [07/Dec/2018:16:35:46 +0000] "GET /public/img/2018_12_07T16_25_46_484_book_pick_1.png HTTP/1.1" 404 - "http://localhost:3000/admin/products?page=1" "Mozilla/5.0 (Windows NT 10.0; Win64; x64; rv:63.0) Gecko/20100101 Firefox/63.0"
::1 - - [07/Dec/2018:16:35:46 +0000] "GET /favicon.ico HTTP/1.1" 404 - "-" "Mozilla/5.0 (Windows NT 10.0; Win64; x64; rv:63.0) Gecko/20100101 Firefox/63.0"
::1 - - [07/Dec/2018:16:35:48 +0000] "GET /?page=1 HTTP/1.1" 200 - "http://localhost:3000/admin/products?page=1" "Mozilla/5.0 (Windows NT 10.0; Win64; x64; rv:63.0) Gecko/20100101 Firefox/63.0"
::1 - - [07/Dec/2018:16:35:48 +0000] "GET /public/img/2018_12_07T16_25_46_484_book_pick_1.png HTTP/1.1" 404 - "http://localhost:3000/?page=1" "Mozilla/5.0 (Windows NT 10.0; Win64; x64; rv:63.0) Gecko/20100101 Firefox/63.0"
::1 - - [07/Dec/2018:16:35:48 +0000] "GET /favicon.ico HTTP/1.1" 404 - "-" "Mozilla/5.0 (Windows NT 10.0; Win64; x64; rv:63.0) Gecko/20100101 Firefox/63.0"
::1 - - [07/Dec/2018:16:35:52 +0000] "GET / HTTP/1.1" 200 - "-" "Mozilla/5.0 (Windows NT 10.0; Win64; x64; rv:63.0) Gecko/20100101 Firefox/63.0"
::1 - - [07/Dec/2018:16:35:53 +0000] "GET /public/img/2018_12_07T16_25_46_484_book_pick_1.png HTTP/1.1" 404 - "http://localhost:3000/" "Mozilla/5.0 (Windows NT 10.0; Win64; x64; rv:63.0) Gecko/20100101 Firefox/63.0"
::1 - - [07/Dec/2018:16:35:53 +0000] "GET /favicon.ico HTTP/1.1" 404 - "-" "Mozilla/5.0 (Windows NT 10.0; Win64; x64; rv:63.0) Gecko/20100101 Firefox/63.0"
::1 - - [07/Dec/2018:16:36:27 +0000] "GET / HTTP/1.1" 200 - "-" "Mozilla/5.0 (Windows NT 10.0; Win64; x64; rv:63.0) Gecko/20100101 Firefox/63.0"
::1 - - [07/Dec/2018:16:36:27 +0000] "GET /public/img/2018_12_07T16_25_46_484_book_pick_1.png HTTP/1.1" 404 - "http://localhost:3000/" "Mozilla/5.0 (Windows NT 10.0; Win64; x64; rv:63.0) Gecko/20100101 Firefox/63.0"
::1 - - [07/Dec/2018:16:36:27 +0000] "GET /favicon.ico HTTP/1.1" 404 - "-" "Mozilla/5.0 (Windows NT 10.0; Win64; x64; rv:63.0) Gecko/20100101 Firefox/63.0"
::1 - - [07/Dec/2018:16:36:29 +0000] "GET / HTTP/1.1" 200 - "-" "Mozilla/5.0 (Windows NT 10.0; Win64; x64; rv:63.0) Gecko/20100101 Firefox/63.0"
::1 - - [07/Dec/2018:16:36:29 +0000] "GET /public/img/2018_12_07T16_25_46_484_book_pick_1.png HTTP/1.1" 404 - "http://localhost:3000/" "Mozilla/5.0 (Windows NT 10.0; Win64; x64; rv:63.0) Gecko/20100101 Firefox/63.0"
::1 - - [07/Dec/2018:16:36:29 +0000] "GET /favicon.ico HTTP/1.1" 404 - "-" "Mozilla/5.0 (Windows NT 10.0; Win64; x64; rv:63.0) Gecko/20100101 Firefox/63.0"
::1 - - [07/Dec/2018:16:37:36 +0000] "GET / HTTP/1.1" 200 - "-" "Mozilla/5.0 (Windows NT 10.0; Win64; x64; rv:63.0) Gecko/20100101 Firefox/63.0"
::1 - - [07/Dec/2018:16:37:36 +0000] "GET /public/img/2018_12_07T16_25_46_484_book_pick_1.png HTTP/1.1" 404 - "http://localhost:3000/" "Mozilla/5.0 (Windows NT 10.0; Win64; x64; rv:63.0) Gecko/20100101 Firefox/63.0"
::1 - - [07/Dec/2018:16:37:37 +0000] "GET /favicon.ico HTTP/1.1" 404 - "-" "Mozilla/5.0 (Windows NT 10.0; Win64; x64; rv:63.0) Gecko/20100101 Firefox/63.0"
::1 - - [07/Dec/2018:16:39:27 +0000] "GET /?page=1 HTTP/1.1" 500 - "http://localhost:3000/" "Mozilla/5.0 (Windows NT 10.0; Win64; x64; rv:63.0) Gecko/20100101 Firefox/63.0"
::1 - - [07/Dec/2018:16:39:28 +0000] "GET /favicon.ico HTTP/1.1" 404 - "-" "Mozilla/5.0 (Windows NT 10.0; Win64; x64; rv:63.0) Gecko/20100101 Firefox/63.0"
::1 - - [07/Dec/2018:16:39:36 +0000] "GET /?page=1 HTTP/1.1" 200 - "http://localhost:3000/" "Mozilla/5.0 (Windows NT 10.0; Win64; x64; rv:63.0) Gecko/20100101 Firefox/63.0"
::1 - - [07/Dec/2018:16:39:36 +0000] "GET /public/img/2018_12_07T16_25_46_484_book_pick_1.png HTTP/1.1" 404 - "http://localhost:3000/?page=1" "Mozilla/5.0 (Windows NT 10.0; Win64; x64; rv:63.0) Gecko/20100101 Firefox/63.0"
::1 - - [07/Dec/2018:16:39:36 +0000] "GET /favicon.ico HTTP/1.1" 404 - "-" "Mozilla/5.0 (Windows NT 10.0; Win64; x64; rv:63.0) Gecko/20100101 Firefox/63.0"
::ffff:127.0.0.1 - - [07/Dec/2018:16:39:46 +0000] "GET /product-list?page=1 HTTP/1.1" 200 - "http://localhost:3000/?page=1" "Mozilla/5.0 (Windows NT 10.0; Win64; x64; rv:63.0) Gecko/20100101 Firefox/63.0"
::ffff:127.0.0.1 - - [07/Dec/2018:16:39:46 +0000] "GET /public/img/2018_12_07T16_25_46_484_book_pick_1.png HTTP/1.1" 404 - "http://localhost:3000/product-list?page=1" "Mozilla/5.0 (Windows NT 10.0; Win64; x64; rv:63.0) Gecko/20100101 Firefox/63.0"
::ffff:127.0.0.1 - - [07/Dec/2018:16:39:46 +0000] "GET /favicon.ico HTTP/1.1" 404 - "-" "Mozilla/5.0 (Windows NT 10.0; Win64; x64; rv:63.0) Gecko/20100101 Firefox/63.0"
::ffff:127.0.0.1 - - [07/Dec/2018:16:39:49 +0000] "GET /admin/products?page=1 HTTP/1.1" 200 - "http://localhost:3000/product-list?page=1" "Mozilla/5.0 (Windows NT 10.0; Win64; x64; rv:63.0) Gecko/20100101 Firefox/63.0"
::ffff:127.0.0.1 - - [07/Dec/2018:16:39:49 +0000] "GET /public/img/2018_12_07T16_25_46_484_book_pick_1.png HTTP/1.1" 404 - "http://localhost:3000/admin/products?page=1" "Mozilla/5.0 (Windows NT 10.0; Win64; x64; rv:63.0) Gecko/20100101 Firefox/63.0"
::ffff:127.0.0.1 - - [07/Dec/2018:16:39:49 +0000] "GET /favicon.ico HTTP/1.1" 404 - "-" "Mozilla/5.0 (Windows NT 10.0; Win64; x64; rv:63.0) Gecko/20100101 Firefox/63.0"
::ffff:127.0.0.1 - - [07/Dec/2018:16:40:13 +0000] "GET /?page=1 HTTP/1.1" 200 - "http://localhost:3000/admin/products?page=1" "Mozilla/5.0 (Windows NT 10.0; Win64; x64; rv:63.0) Gecko/20100101 Firefox/63.0"
::ffff:127.0.0.1 - - [07/Dec/2018:16:40:13 +0000] "GET /public/img/2018_12_07T16_25_46_484_book_pick_1.png HTTP/1.1" 404 - "http://localhost:3000/?page=1" "Mozilla/5.0 (Windows NT 10.0; Win64; x64; rv:63.0) Gecko/20100101 Firefox/63.0"
::ffff:127.0.0.1 - - [07/Dec/2018:16:40:13 +0000] "GET /favicon.ico HTTP/1.1" 404 - "-" "Mozilla/5.0 (Windows NT 10.0; Win64; x64; rv:63.0) Gecko/20100101 Firefox/63.0"
::ffff:127.0.0.1 - - [07/Dec/2018:16:40:28 +0000] "GET / HTTP/1.1" 200 - "-" "Mozilla/5.0 (Windows NT 10.0; Win64; x64; rv:63.0) Gecko/20100101 Firefox/63.0"
::ffff:127.0.0.1 - - [07/Dec/2018:16:40:28 +0000] "GET /public/img/2018_12_07T16_25_46_484_book_pick_1.png HTTP/1.1" 404 - "http://localhost:3000/" "Mozilla/5.0 (Windows NT 10.0; Win64; x64; rv:63.0) Gecko/20100101 Firefox/63.0"
::ffff:127.0.0.1 - - [07/Dec/2018:16:40:28 +0000] "GET /favicon.ico HTTP/1.1" 404 - "-" "Mozilla/5.0 (Windows NT 10.0; Win64; x64; rv:63.0) Gecko/20100101 Firefox/63.0"
::ffff:127.0.0.1 - - [07/Dec/2018:16:40:48 +0000] "GET /?page=1 HTTP/1.1" 200 - "http://localhost:3000/" "Mozilla/5.0 (Windows NT 10.0; Win64; x64; rv:63.0) Gecko/20100101 Firefox/63.0"
::ffff:127.0.0.1 - - [07/Dec/2018:16:40:48 +0000] "GET /public/img/2018_12_07T16_25_46_484_book_pick_1.png HTTP/1.1" 404 - "http://localhost:3000/?page=1" "Mozilla/5.0 (Windows NT 10.0; Win64; x64; rv:63.0) Gecko/20100101 Firefox/63.0"
::ffff:127.0.0.1 - - [07/Dec/2018:16:40:48 +0000] "GET /favicon.ico HTTP/1.1" 404 - "-" "Mozilla/5.0 (Windows NT 10.0; Win64; x64; rv:63.0) Gecko/20100101 Firefox/63.0"
